2023-09-11 09:15:20,681 =============================================================
2023-09-11 09:15:20,682 =============================================================
2023-09-11 09:15:20,682 Today is 2023-09-11 at 09:15 AM
2023-09-11 09:15:20,705 This file is running on: nt Windows 10
2023-09-11 09:15:20,705 The Python version is: 3.11.4
2023-09-11 09:15:20,705 The active conda environment is:  None
2023-09-11 09:15:20,705 The active pip environment is:    None
2023-09-11 09:15:20,705 The active environment path is:   C:\Users\nnarne\AppData\Local\Programs\Python\Python311
2023-09-11 09:15:20,706 The current working directory is: C:\Users\nnarne\Documents\datafun-03-datatypes
2023-09-11 09:15:20,706 This source file is in:           c:\Users\nnarne\Documents\datafun-03-datatypes
2023-09-11 09:15:20,706 =============================================================
2023-09-11 09:15:20,706 =============================================================
2023-09-11 09:15:20,706 ==================string list built-in function==================
2023-09-11 09:15:20,706 Number of Courses available: 12
2023-09-11 09:15:20,706 Set of Student last Names: {'Rosberg', 'Pitt', 'Smith', 'Corera', 'Swann'}
2023-09-11 09:15:20,706 list of Student full names: ['Annie, Corera', 'Brad, Pitt', 'Charlette, Rosberg', 'Dave, Smith', 'Elisabeth, Swann', 'Francis, Pitt', 'Brad, Smith', 'Annie, Swann']
2023-09-11 09:15:20,706 Calling create_random_sentence()
2023-09-11 09:15:20,706 Random sentence: Charlie teaches Civil Engineering during Fourth semester.
2023-09-11 09:15:20,706 Calling process_text_zen_of_python()
2023-09-11 09:15:20,714 The list of words is: ['Beautiful', 'is', 'better', 'than', 'ugly.', 'Explicit', 'is', 'better', 'than', 'implicit.', 'Simple', 'is', 'better', 'than', 'complex.', 'Complex', 'is', 'better', 'than', 'complicated.', 'Flat', 'is', 'better', 'than', 'nested.', 'Sparse', 'is', 'better', 'than', 'dense.', 'Readability', 'counts.', 'Special', 'cases', "aren't", 'special', 'enough', 'to', 'break', 'the', 'rules.', 'Although', 'practicality', 'beats', 'purity.', 'Errors', 'should', 'never', 'pass', 'silently.', 'Unless', 'explicitly', 'silenced.', 'In', 'the', 'face', 'of', 'ambiguity,', 'refuse', 'the', 'temptation', 'to', 'guess.', 'There', 'should', 'be', 'one--', 'and', 'preferably', 'only', 'one', '--obvious', 'way', 'to', 'do', 'it.', 'Although', 'that', 'way', 'may', 'not', 'be', 'obvious', 'at', 'first', 'unless', "you're", 'Dutch.', 'Now', 'is', 'better', 'than', 'never.', 'Although', 'never', 'is', 'often', 'better', 'than', '*right*', 'now.', 'If', 'the', 'implementation', 'is', 'hard', 'to', 'explain,', "it's", 'a', 'bad', 'idea.', 'If', 'the', 'implementation', 'is', 'easy', 'to', 'explain,', 'it', 'may', 'be', 'a', 'good', 'idea.', 'Namespaces', 'are', 'one', 'honking', 'great', 'idea', '--', "let's", 'do', 'more', 'of', 'those!']
2023-09-11 09:15:20,714 There are 137 words in the file.
2023-09-11 09:15:20,714 The set of unique words is: {'silently.', 'Special', 'purity.', 'good', 'hard', 'Complex', 'There', 'Flat', 'complex.', 'easy', 'Now', 'temptation', 'implementation', 'a', 'is', 'often', '--obvious', 'unless', 'should', 'idea', 'Simple', 'complicated.', 'Dutch.', 'Beautiful', "let's", 'Namespaces', 'be', 'ambiguity,', 'first', 'Sparse', 'only', 'silenced.', 'rules.', "it's", 'In', 'not', 'than', 'may', 'those!', 'it', 'counts.', 'Although', 'ugly.', 'preferably', 'never.', 'and', 'more', "you're", 'bad', 'are', 'great', 'Explicit', 'pass', 'Unless', 'cases', 'dense.', 'to', 'one--', 'Readability', 'enough', 'guess.', 'explicitly', 'it.', 'Errors', 'nested.', 'never', 'obvious', 'of', 'do', '--', 'If', 'idea.', 'at', 'one', 'beats', 'practicality', 'now.', '*right*', 'implicit.', 'break', 'that', 'the', 'special', 'better', 'face', 'honking', 'refuse', 'way', 'explain,', "aren't"}
2023-09-11 09:15:20,714 There are 90 unique words in the file.
2023-09-11 09:15:20,714 he list of words in sorted order is: ['*right*', '--', '--obvious', 'Although', 'Although', 'Although', 'Beautiful', 'Complex', 'Dutch.', 'Errors', 'Explicit', 'Flat', 'If', 'If', 'In', 'Namespaces', 'Now', 'Readability', 'Simple', 'Sparse', 'Special', 'There', 'Unless', 'a', 'a', 'ambiguity,', 'and', 'are', "aren't", 'at', 'bad', 'be', 'be', 'be', 'beats', 'better', 'better', 'better', 'better', 'better', 'better', 'better', 'better', 'break', 'cases', 'complex.', 'complicated.', 'counts.', 'dense.', 'do', 'do', 'easy', 'enough', 'explain,', 'explain,', 'explicitly', 'face', 'first', 'good', 'great', 'guess.', 'hard', 'honking', 'idea', 'idea.', 'idea.', 'implementation', 'implementation', 'implicit.', 'is', 'is', 'is', 'is', 'is', 'is', 'is', 'is', 'is', 'is', 'it', "it's", 'it.', "let's", 'may', 'may', 'more', 'nested.', 'never', 'never', 'never.', 'not', 'now.', 'obvious', 'of', 'of', 'often', 'one', 'one', 'one--', 'only', 'pass', 'practicality', 'preferably', 'purity.', 'refuse', 'rules.', 'should', 'should', 'silenced.', 'silently.', 'special', 'temptation', 'than', 'than', 'than', 'than', 'than', 'than', 'than', 'than', 'that', 'the', 'the', 'the', 'the', 'the', 'those!', 'to', 'to', 'to', 'to', 'to', 'ugly.', 'unless', 'way', 'way', "you're"]
