2023-09-11 09:15:10,014 =============================================================
2023-09-11 09:15:10,014 =============================================================
2023-09-11 09:15:10,014 Today is 2023-09-11 at 09:15 AM
2023-09-11 09:15:10,041 This file is running on: nt Windows 10
2023-09-11 09:15:10,042 The Python version is: 3.11.4
2023-09-11 09:15:10,042 The active conda environment is:  None
2023-09-11 09:15:10,042 The active pip environment is:    None
2023-09-11 09:15:10,042 The active environment path is:   C:\Users\nnarne\AppData\Local\Programs\Python\Python311
2023-09-11 09:15:10,042 The current working directory is: C:\Users\nnarne\Documents\datafun-03-datatypes
2023-09-11 09:15:10,042 This source file is in:           c:\Users\nnarne\Documents\datafun-03-datatypes
2023-09-11 09:15:10,042 =============================================================
2023-09-11 09:15:10,042 =============================================================
2023-09-11 09:15:10,043 ============list Statistics section=============
2023-09-11 09:15:10,043 List1: [10, 20, 13, 14, 24, 12, 14, 53, 22, 53, 65, 77, 87, 45, 87, 96, 75, 98, 78, 96, 85, 70, 30, 95, 90]
2023-09-11 09:15:10,044 mean: 56.36
2023-09-11 09:15:10,044 median: 65
2023-09-11 09:15:10,044 mode: 14
2023-09-11 09:15:10,045 stdev: 32.71324909981683
2023-09-11 09:15:10,045 variance: 1070.1566666666668
2023-09-11 09:15:10,045 ============list correlation and prediction section=============
2023-09-11 09:15:10,045 listx: [1, 2, 3, 4, 5, 6, 7, 8, 9, 10]
2023-09-11 09:15:10,045 listy: [5, 8, 10, 12, 16, 18, 20, 22, 24, 27]
2023-09-11 09:15:10,045 correlation between x and y: 0.9974842727441167
2023-09-11 09:15:10,045 The equation of the best fit line is: y = 2.4x + 3.0
2023-09-11 09:15:10,045 We predict that when x = 150, y will be about 363.0
2023-09-11 09:15:10,045 ============list built-in functions section=============
2023-09-11 09:15:10,045 Given score list: [10, 20, 13, 14, 24, 12, 14, 53, 22, 53, 65, 77, 87, 45, 87, 96, 75, 98, 78, 96, 85, 70, 30, 95, 90]
2023-09-11 09:15:10,045 The max() is 98
2023-09-11 09:15:10,045 The min() is 10
2023-09-11 09:15:10,045 The len() is 25
2023-09-11 09:15:10,045 The sum() is 1409
2023-09-11 09:15:10,045 The average is 56.36
2023-09-11 09:15:10,045 Given list1 as set: {10, 12, 13, 14, 20, 22, 24, 30, 45, 53, 65, 70, 75, 77, 78, 85, 87, 90, 95, 96, 98}
2023-09-11 09:15:10,045 Using the built-it function sorted(lst) gives: [10, 12, 13, 14, 14, 20, 22, 24, 30, 45, 53, 53, 65, 70, 75, 77, 78, 85, 87, 87, 90, 95, 96, 96, 98]
2023-09-11 09:15:10,045 Using the built-in function sorted(lst,reverse=True) gives: [98, 96, 96, 95, 90, 87, 87, 85, 78, 77, 75, 70, 65, 53, 53, 45, 30, 24, 22, 20, 14, 14, 13, 12, 10]
2023-09-11 09:15:10,045 ============list methods section=============
2023-09-11 09:15:10,045 new_scores is: [98, 96, 96, 95, 90, 87, 87, 85, 78, 77, 75, 70, 65, 53, 53, 45, 30, 24, 22, 20, 14, 14, 13, 12, 10]
2023-09-11 09:15:10,045 Popped the first (index=0): 98 and now, new_scores is: [96, 96, 95, 90, 87, 87, 85, 78, 77, 75, 70, 65, 53, 53, 45, 30, 24, 22, 20, 14, 14, 13, 12, 10]
2023-09-11 09:15:10,045 Popped the last (index=-1): 10 and now, new_scores is: [96, 96, 95, 90, 87, 87, 85, 78, 77, 75, 70, 65, 53, 53, 45, 30, 24, 22, 20, 14, 14, 13, 12]
2023-09-11 09:15:10,045 ============list transformations section=============
2023-09-11 09:15:10,045 list1: [98, 96, 96, 95, 90, 87, 87, 85, 78, 77, 75, 70, 65, 53, 53, 45, 30, 24, 22, 20, 14, 14, 13, 12, 10]
2023-09-11 09:15:10,045 Scores below 80: [78, 77, 75, 70, 65, 53, 53, 45, 30, 24, 22, 20, 14, 14, 13, 12, 10]
2023-09-11 09:15:10,045 Cube-root scores: [4.610436292058447, 4.5788569702133275, 4.5788569702133275, 4.562902635386967, 4.481404746557165, 4.431047621693635, 4.431047621693635, 4.396829672158179, 4.272658681697917, 4.254320865115005, 4.2171633265087465, 4.121285299808557, 4.020725758589058, 3.7562857542210724, 3.7562857542210724, 3.556893304490063, 3.107232505953859, 2.8844991406148166, 2.8020393306553872, 2.7144176165949068, 2.4101422641752297, 2.4101422641752297, 2.3513346877207573, 2.2894284851066637, 2.154434690031884]
2023-09-11 09:15:10,045 Volume of cubes: [941192, 884736, 884736, 857375, 729000, 658503, 658503, 614125, 474552, 456533, 421875, 343000, 274625, 148877, 148877, 91125, 27000, 13824, 10648, 8000, 2744, 2744, 2197, 1728, 1000]
2023-09-11 09:15:10,045 ============list comprehensions section=============
2023-09-11 09:15:10,045 list1: [98, 96, 96, 95, 90, 87, 87, 85, 78, 77, 75, 70, 65, 53, 53, 45, 30, 24, 22, 20, 14, 14, 13, 12, 10]
2023-09-11 09:15:10,045 Scores over 80 (using list comprehensions!): [98, 96, 96, 95, 90, 87, 87, 85]
2023-09-11 09:15:10,045 Tripled scores (using list comprehensions!): [294, 288, 288, 285, 270, 261, 261, 255, 234, 231, 225, 210, 195, 159, 159, 135, 90, 72, 66, 60, 42, 42, 39, 36, 30]
2023-09-11 09:15:10,045 Volume of cubes: [941192, 884736, 884736, 857375, 729000, 658503, 658503, 614125, 474552, 456533, 421875, 343000, 274625, 148877, 148877, 91125, 27000, 13824, 10648, 8000, 2744, 2744, 2197, 1728, 1000]
